c:\users\morales\desktop\documents\engine3d-pgiii\engine\enginelib\debug\vc120.pdb
c:\users\morales\desktop\documents\engine3d-pgiii\engine\enginelib\debug\vc120.idb
c:\users\morales\desktop\documents\engine3d-pgiii\engine\enginelib\debug\nodo.obj
c:\users\morales\desktop\documents\engine3d-pgiii\engine\enginelib\debug\pg1_timer.obj
c:\users\morales\desktop\documents\engine3d-pgiii\engine\enginelib\debug\pg2_indexbuffer.obj
c:\users\morales\desktop\documents\engine3d-pgiii\engine\enginelib\debug\pg2_vertexbuffer.obj
c:\users\morales\desktop\documents\engine3d-pgiii\engine\enginelib\debug\physics.obj
c:\users\morales\desktop\documents\engine3d-pgiii\engine\enginelib\debug\quad.obj
c:\users\morales\desktop\documents\engine3d-pgiii\engine\enginelib\debug\random.obj
c:\users\morales\desktop\documents\engine3d-pgiii\engine\enginelib\debug\renderer.obj
c:\users\morales\desktop\documents\engine3d-pgiii\engine\enginelib\debug\rigidbody.obj
c:\users\morales\desktop\documents\engine3d-pgiii\engine\enginelib\debug\screentext.obj
c:\users\morales\desktop\documents\engine3d-pgiii\engine\enginelib\debug\sound.obj
c:\users\morales\desktop\documents\engine3d-pgiii\engine\enginelib\debug\sprite.obj
c:\users\morales\desktop\documents\engine3d-pgiii\engine\enginelib\debug\tile.obj
c:\users\morales\desktop\documents\engine3d-pgiii\engine\enginelib\debug\tilemap.obj
c:\users\morales\desktop\documents\engine3d-pgiii\engine\enginelib\debug\tinyxml2.obj
c:\users\morales\desktop\documents\engine3d-pgiii\engine\enginelib\debug\udpclient.obj
c:\users\morales\desktop\documents\engine3d-pgiii\engine\enginelib\debug\udpserver.obj
c:\users\morales\desktop\documents\engine3d-pgiii\engine\enginelib\debug\vector2.obj
c:\users\morales\desktop\documents\engine3d-pgiii\engine\enginelib\debug\vertexbuffer.obj
c:\users\morales\desktop\documents\engine3d-pgiii\engine\enginelib\debug\window.obj
c:\users\morales\desktop\documents\engine3d-pgiii\engine\enginelib\debug\animation.obj
c:\users\morales\desktop\documents\engine3d-pgiii\engine\enginelib\debug\boundingbox.obj
c:\users\morales\desktop\documents\engine3d-pgiii\engine\enginelib\debug\bspnode.obj
c:\users\morales\desktop\documents\engine3d-pgiii\engine\enginelib\debug\bsptree.obj
c:\users\morales\desktop\documents\engine3d-pgiii\engine\enginelib\debug\camera.obj
c:\users\morales\desktop\documents\engine3d-pgiii\engine\enginelib\debug\debuger.obj
c:\users\morales\desktop\documents\engine3d-pgiii\engine\enginelib\debug\directinput.obj
c:\users\morales\desktop\documents\engine3d-pgiii\engine\enginelib\debug\engine.obj
c:\users\morales\desktop\documents\engine3d-pgiii\engine\enginelib\debug\entity2d.obj
c:\users\morales\desktop\documents\engine3d-pgiii\engine\enginelib\debug\entity3d.obj
c:\users\morales\desktop\documents\engine3d-pgiii\engine\enginelib\debug\frame.obj
c:\users\morales\desktop\documents\engine3d-pgiii\engine\enginelib\debug\frustum.obj
c:\users\morales\desktop\documents\engine3d-pgiii\engine\enginelib\debug\game.obj
c:\users\morales\desktop\documents\engine3d-pgiii\engine\enginelib\debug\importer.obj
c:\users\morales\desktop\documents\engine3d-pgiii\engine\enginelib\debug\input.obj
c:\users\morales\desktop\documents\engine3d-pgiii\engine\enginelib\debug\light.obj
c:\users\morales\desktop\documents\engine3d-pgiii\engine\enginelib\debug\line.obj
c:\users\morales\desktop\documents\engine3d-pgiii\engine\enginelib\debug\material.obj
c:\users\morales\desktop\documents\engine3d-pgiii\engine\enginelib\debug\mesh.obj
c:\users\morales\desktop\documents\engine3d-pgiii\engine\debug\enginelib.lib
c:\users\morales\desktop\documents\engine3d-pgiii\engine\debug\enginelib.exp
c:\users\morales\desktop\documents\engine3d-pgiii\engine\debug\enginelib.ilk
c:\users\morales\desktop\documents\engine3d-pgiii\engine\debug\enginelib.dll
c:\users\morales\desktop\documents\engine3d-pgiii\engine\debug\enginelib.pdb
c:\users\morales\desktop\documents\engine3d-pgiii\engine\enginelib\debug\enginelib.tlog\cl.command.1.tlog
c:\users\morales\desktop\documents\engine3d-pgiii\engine\enginelib\debug\enginelib.tlog\cl.read.1.tlog
c:\users\morales\desktop\documents\engine3d-pgiii\engine\enginelib\debug\enginelib.tlog\cl.write.1.tlog
c:\users\morales\desktop\documents\engine3d-pgiii\engine\enginelib\debug\enginelib.tlog\enginelib.write.1u.tlog
c:\users\morales\desktop\documents\engine3d-pgiii\engine\enginelib\debug\enginelib.tlog\link.command.1.tlog
c:\users\morales\desktop\documents\engine3d-pgiii\engine\enginelib\debug\enginelib.tlog\link.read.1.tlog
c:\users\morales\desktop\documents\engine3d-pgiii\engine\enginelib\debug\enginelib.tlog\link.write.1.tlog
