Build started 04/10/2017 01:18:43 a.m..
     1>Project "C:\Users\Morales\Desktop\Documents\Engine3D-PGIII\Engine\EngineLib\EngineLib.vcxproj" on node 2 (Build target(s)).
     1>ClCompile:
         C:\Program Files (x86)\Microsoft Visual Studio 12.0\VC\bin\CL.exe /c /I"C:\Users\Morales\Desktop\Documents\Engine3D-PGIII\Engine\/EngineLib/Bullet_Physics" /I"C:\Users\Morales\Desktop\Documents\Engine3D-PGIII\Engine\/EngineLib/Assimp/include" /I"C:\Users\Morales\Desktop\Documents\Engine3D-PGIII\Engine\/EngineLib/Include" /ZI /nologo /W3 /WX- /Od /Oy- /D _WINDLL /D _MBCS /Gm /EHsc /RTC1 /MDd /GS /fp:precise /Zc:wchar_t /Zc:forScope /Fo"Debug\\" /Fd"Debug\vc120.pdb" /Gd /TP /analyze- /errorReport:prompt UDPServer.cpp
         UDPServer.cpp
     1>c:\users\morales\desktop\documents\engine3d-pgiii\engine\enginelib\udpserver.cpp(85): warning C4996: 'inet_ntoa': Use inet_ntop() or InetNtop() instead or define _WINSOCK_DEPRECATED_NO_WARNINGS to disable deprecated API warnings
                 c:\program files (x86)\windows kits\8.1\include\um\winsock2.h(1868) : see declaration of 'inet_ntoa'
       Link:
         C:\Program Files (x86)\Microsoft Visual Studio 12.0\VC\bin\link.exe /ERRORREPORT:PROMPT /OUT:"C:\Users\Morales\Desktop\Documents\Engine3D-PGIII\Engine\Debug\EngineLib.dll" /INCREMENTAL /NOLOGO /LIBPATH:"C:\Users\Morales\Desktop\Documents\Engine3D-PGIII\Engine\/EngineLib/Assimp/lib/x86" /LIBPATH:"C:\Users\Morales\Desktop\Documents\Engine3D-PGIII\Engine\/EngineLib" dxguid.lib assimp.lib BulletCollision_Debug.lib BulletCollision_Debug_2015.lib BulletDynamics_Debug.lib BulletDynamics_Debug_2015.lib LinearMath_Debug.lib LinearMath_Debug_2015.lib kernel32.lib user32.lib gdi32.lib winspool.lib comdlg32.lib advapi32.lib shell32.lib ole32.lib oleaut32.lib uuid.lib odbc32.lib odbccp32.lib /MANIFEST /MANIFESTUAC:"level='asInvoker' uiAccess='false'" /manifest:embed /DEBUG /PDB:"C:\Users\Morales\Desktop\Documents\Engine3D-PGIII\Engine\Debug\EngineLib.pdb" /TLBID:1 /DYNAMICBASE /NXCOMPAT /IMPLIB:"C:\Users\Morales\Desktop\Documents\Engine3D-PGIII\Engine\Debug\EngineLib.lib" /MACHINE:X86 /DLL Debug\Animation.obj
         Debug\BoundingBox.obj
         Debug\BspNode.obj
         Debug\BspTree.obj
         Debug\Camera.obj
         Debug\Debuger.obj
         Debug\directinput.obj
         Debug\Engine.obj
         Debug\Entity2D.obj
         Debug\Entity3D.obj
         Debug\Frame.obj
         Debug\Frustum.obj
         Debug\Game.obj
         Debug\Importer.obj
         Debug\input.obj
         Debug\Light.obj
         Debug\Line.obj
         Debug\Material.obj
         Debug\Mesh.obj
         Debug\Nodo.obj
         Debug\pg1_timer.obj
         Debug\pg2_indexbuffer.obj
         Debug\pg2_vertexbuffer.obj
         Debug\Physics.obj
         Debug\Quad.obj
         Debug\Random.obj
         Debug\Renderer.obj
         Debug\RigidBody.obj
         Debug\ScreenText.obj
         Debug\Sound.obj
         Debug\Sprite.obj
         Debug\Tile.obj
         Debug\TileMap.obj
         Debug\tinyxml2.obj
         Debug\UDPClient.obj
         Debug\UDPServer.obj
         Debug\Vector2.obj
         Debug\vertexbuffer.obj
         Debug\Window.obj
         EngineLib.vcxproj -> C:\Users\Morales\Desktop\Documents\Engine3D-PGIII\Engine\Debug\EngineLib.dll
     1>Done Building Project "C:\Users\Morales\Desktop\Documents\Engine3D-PGIII\Engine\EngineLib\EngineLib.vcxproj" (Build target(s)).

Build succeeded.

Time Elapsed 00:00:21.86
